<?xml version="1.0" encoding="UTF-8"?>
<coverage generated="1632284647555" clover="3.2.0">
  <project timestamp="1632284647555" name="All files">
    <metrics statements="68" coveredstatements="64" conditionals="19" coveredconditionals="14" methods="16" coveredmethods="15" elements="103" coveredelements="93" complexity="0" loc="68" ncloc="68" packages="1" files="6" classes="6"/>
    <file name="bestPlayerColum.js" path="/Users/wilk.caetano.franca/Documents/gamehash/src/services/bestPlayerColum.js">
      <metrics statements="12" coveredstatements="12" conditionals="2" coveredconditionals="2" methods="2" coveredmethods="2"/>
      <line num="1" count="3" type="stmt"/>
      <line num="2" count="2" type="stmt"/>
      <line num="3" count="2" type="stmt"/>
      <line num="4" count="2" type="stmt"/>
      <line num="5" count="6" type="cond" truecount="2" falsecount="0"/>
      <line num="6" count="1" type="stmt"/>
      <line num="9" count="2" type="stmt"/>
      <line num="10" count="1" type="stmt"/>
      <line num="11" count="1" type="stmt"/>
      <line num="12" count="1" type="stmt"/>
      <line num="14" count="1" type="stmt"/>
      <line num="21" count="3" type="stmt"/>
    </file>
    <file name="bestPlayerRows.js" path="/Users/wilk.caetano.franca/Documents/gamehash/src/services/bestPlayerRows.js">
      <metrics statements="12" coveredstatements="12" conditionals="2" coveredconditionals="2" methods="2" coveredmethods="2"/>
      <line num="1" count="3" type="stmt"/>
      <line num="2" count="2" type="stmt"/>
      <line num="3" count="2" type="stmt"/>
      <line num="4" count="2" type="stmt"/>
      <line num="5" count="4" type="cond" truecount="2" falsecount="0"/>
      <line num="6" count="1" type="stmt"/>
      <line num="10" count="2" type="stmt"/>
      <line num="11" count="1" type="stmt"/>
      <line num="12" count="1" type="stmt"/>
      <line num="13" count="1" type="stmt"/>
      <line num="15" count="1" type="stmt"/>
      <line num="23" count="3" type="stmt"/>
    </file>
    <file name="index.js" path="/Users/wilk.caetano.franca/Documents/gamehash/src/services/index.js">
      <metrics statements="6" coveredstatements="6" conditionals="0" coveredconditionals="0" methods="0" coveredmethods="0"/>
      <line num="1" count="3" type="stmt"/>
      <line num="2" count="3" type="stmt"/>
      <line num="3" count="3" type="stmt"/>
      <line num="4" count="3" type="stmt"/>
      <line num="5" count="3" type="stmt"/>
      <line num="7" count="3" type="stmt"/>
    </file>
    <file name="logger.js" path="/Users/wilk.caetano.franca/Documents/gamehash/src/services/logger.js">
      <metrics statements="11" coveredstatements="7" conditionals="5" coveredconditionals="1" methods="2" coveredmethods="1"/>
      <line num="1" count="3" type="stmt"/>
      <line num="2" count="3" type="stmt"/>
      <line num="4" count="3" type="stmt"/>
      <line num="6" count="0" type="stmt"/>
      <line num="9" count="3" type="stmt"/>
      <line num="10" count="3" type="cond" truecount="1" falsecount="4"/>
      <line num="12" count="3" type="stmt"/>
      <line num="14" count="0" type="stmt"/>
      <line num="16" count="0" type="stmt"/>
      <line num="19" count="0" type="stmt"/>
      <line num="23" count="3" type="stmt"/>
    </file>
    <file name="smashString.js" path="/Users/wilk.caetano.franca/Documents/gamehash/src/services/smashString.js">
      <metrics statements="13" coveredstatements="13" conditionals="0" coveredconditionals="0" methods="1" coveredmethods="1"/>
      <line num="1" count="3" type="stmt"/>
      <line num="2" count="4" type="stmt"/>
      <line num="3" count="4" type="stmt"/>
      <line num="4" count="4" type="stmt"/>
      <line num="5" count="4" type="stmt"/>
      <line num="7" count="4" type="stmt"/>
      <line num="8" count="8" type="stmt"/>
      <line num="9" count="8" type="stmt"/>
      <line num="10" count="8" type="stmt"/>
      <line num="11" count="8" type="stmt"/>
      <line num="12" count="8" type="stmt"/>
      <line num="15" count="4" type="stmt"/>
      <line num="18" count="3" type="stmt"/>
    </file>
    <file name="verified.js" path="/Users/wilk.caetano.franca/Documents/gamehash/src/services/verified.js">
      <metrics statements="14" coveredstatements="14" conditionals="10" coveredconditionals="9" methods="9" coveredmethods="9"/>
      <line num="1" count="3" type="stmt"/>
      <line num="2" count="27" type="stmt"/>
      <line num="3" count="27" type="stmt"/>
      <line num="4" count="9" type="stmt"/>
      <line num="5" count="9" type="stmt"/>
      <line num="6" count="6" type="cond" truecount="2" falsecount="0"/>
      <line num="7" count="6" type="cond" truecount="2" falsecount="0"/>
      <line num="8" count="3" type="cond" truecount="2" falsecount="0"/>
      <line num="9" count="1" type="stmt"/>
      <line num="10" count="2" type="cond" truecount="2" falsecount="0"/>
      <line num="11" count="1" type="stmt"/>
      <line num="12" count="1" type="cond" truecount="1" falsecount="1"/>
      <line num="13" count="1" type="stmt"/>
      <line num="17" count="3" type="stmt"/>
    </file>
  </project>
</coverage>
