<?xml version="1.0" encoding="UTF-8"?>
<coverage generated="1632277941407" clover="3.2.0">
  <project timestamp="1632277941407" name="All files">
    <metrics statements="28" coveredstatements="24" conditionals="15" coveredconditionals="10" methods="11" coveredmethods="10" elements="54" coveredelements="44" complexity="0" loc="28" ncloc="28" packages="1" files="3" classes="3"/>
    <file name="index.js" path="/Users/wilk.caetano.franca/Documents/gamehash/src/services/index.js">
      <metrics statements="3" coveredstatements="3" conditionals="0" coveredconditionals="0" methods="0" coveredmethods="0"/>
      <line num="1" count="1" type="stmt"/>
      <line num="2" count="1" type="stmt"/>
      <line num="4" count="1" type="stmt"/>
    </file>
    <file name="logger.js" path="/Users/wilk.caetano.franca/Documents/gamehash/src/services/logger.js">
      <metrics statements="11" coveredstatements="7" conditionals="5" coveredconditionals="1" methods="2" coveredmethods="1"/>
      <line num="1" count="1" type="stmt"/>
      <line num="2" count="1" type="stmt"/>
      <line num="4" count="1" type="stmt"/>
      <line num="6" count="0" type="stmt"/>
      <line num="9" count="1" type="stmt"/>
      <line num="10" count="1" type="cond" truecount="1" falsecount="4"/>
      <line num="12" count="1" type="stmt"/>
      <line num="14" count="0" type="stmt"/>
      <line num="16" count="0" type="stmt"/>
      <line num="19" count="0" type="stmt"/>
      <line num="23" count="1" type="stmt"/>
    </file>
    <file name="verified.js" path="/Users/wilk.caetano.franca/Documents/gamehash/src/services/verified.js">
      <metrics statements="14" coveredstatements="14" conditionals="10" coveredconditionals="9" methods="9" coveredmethods="9"/>
      <line num="1" count="1" type="stmt"/>
      <line num="2" count="27" type="stmt"/>
      <line num="3" count="27" type="stmt"/>
      <line num="4" count="9" type="stmt"/>
      <line num="5" count="9" type="stmt"/>
      <line num="6" count="6" type="cond" truecount="2" falsecount="0"/>
      <line num="7" count="6" type="cond" truecount="2" falsecount="0"/>
      <line num="8" count="3" type="cond" truecount="2" falsecount="0"/>
      <line num="9" count="1" type="stmt"/>
      <line num="10" count="2" type="cond" truecount="2" falsecount="0"/>
      <line num="11" count="1" type="stmt"/>
      <line num="12" count="1" type="cond" truecount="1" falsecount="1"/>
      <line num="13" count="1" type="stmt"/>
      <line num="17" count="1" type="stmt"/>
    </file>
  </project>
</coverage>
