{"/Users/wilk.caetano.franca/Documents/gamehash/src/services/index.js": {"path":"/Users/wilk.caetano.franca/Documents/gamehash/src/services/index.js","statementMap":{"0":{"start":{"line":1,"column":15},"end":{"line":1,"column":34}},"1":{"start":{"line":2,"column":17},"end":{"line":2,"column":38}},"2":{"start":{"line":4,"column":0},"end":{"line":7,"column":1}}},"fnMap":{},"branchMap":{},"s":{"0":1,"1":1,"2":1},"f":{},"b":{},"_coverageSchema":"1a1c01bbd47fc00a2c39e90264f33305004495a9","hash":"32eb3f8528ecc5bd797415764d3f8abd348ecabe"}
,"/Users/wilk.caetano.franca/Documents/gamehash/src/services/logger.js": {"path":"/Users/wilk.caetano.franca/Documents/gamehash/src/services/logger.js","statementMap":{"0":{"start":{"line":1,"column":45},"end":{"line":1,"column":63}},"1":{"start":{"line":2,"column":39},"end":{"line":2,"column":45}},"2":{"start":{"line":4,"column":18},"end":{"line":7,"column":1}},"3":{"start":{"line":6,"column":4},"end":{"line":6,"column":67}},"4":{"start":{"line":9,"column":27},"end":{"line":21,"column":1}},"5":{"start":{"line":10,"column":2},"end":{"line":20,"column":3}},"6":{"start":{"line":12,"column":6},"end":{"line":12,"column":21}},"7":{"start":{"line":14,"column":6},"end":{"line":14,"column":20}},"8":{"start":{"line":16,"column":6},"end":{"line":16,"column":19}},"9":{"start":{"line":19,"column":6},"end":{"line":19,"column":20}},"10":{"start":{"line":23,"column":0},"end":{"line":40,"column":2}}},"fnMap":{"0":{"name":"(anonymous_0)","decl":{"start":{"line":5,"column":2},"end":{"line":5,"column":3}},"loc":{"start":{"line":6,"column":4},"end":{"line":6,"column":67}},"line":6},"1":{"name":"(anonymous_1)","decl":{"start":{"line":9,"column":27},"end":{"line":9,"column":28}},"loc":{"start":{"line":9,"column":33},"end":{"line":21,"column":1}},"line":9}},"branchMap":{"0":{"loc":{"start":{"line":10,"column":2},"end":{"line":20,"column":3}},"type":"switch","locations":[{"start":{"line":11,"column":4},"end":{"line":12,"column":21}},{"start":{"line":13,"column":4},"end":{"line":14,"column":20}},{"start":{"line":15,"column":4},"end":{"line":16,"column":19}},{"start":{"line":17,"column":4},"end":{"line":17,"column":22}},{"start":{"line":18,"column":4},"end":{"line":19,"column":20}}],"line":10}},"s":{"0":1,"1":1,"2":1,"3":0,"4":1,"5":1,"6":1,"7":0,"8":0,"9":0,"10":1},"f":{"0":0,"1":1},"b":{"0":[1,0,0,0,0]},"_coverageSchema":"1a1c01bbd47fc00a2c39e90264f33305004495a9","hash":"ec8307577bced922780c4d3ef6700ffde8257cac"}
,"/Users/wilk.caetano.franca/Documents/gamehash/src/services/verified.js": {"path":"/Users/wilk.caetano.franca/Documents/gamehash/src/services/verified.js","statementMap":{"0":{"start":{"line":1,"column":17},"end":{"line":15,"column":3}},"1":{"start":{"line":2,"column":18},"end":{"line":2,"column":57}},"2":{"start":{"line":2,"column":32},"end":{"line":2,"column":56}},"3":{"start":{"line":2,"column":46},"end":{"line":2,"column":55}},"4":{"start":{"line":3,"column":17},"end":{"line":3,"column":56}},"5":{"start":{"line":3,"column":31},"end":{"line":3,"column":55}},"6":{"start":{"line":3,"column":45},"end":{"line":3,"column":54}},"7":{"start":{"line":4,"column":22},"end":{"line":4,"column":46}},"8":{"start":{"line":4,"column":37},"end":{"line":4,"column":45}},"9":{"start":{"line":5,"column":21},"end":{"line":5,"column":44}},"10":{"start":{"line":5,"column":35},"end":{"line":5,"column":43}},"11":{"start":{"line":6,"column":15},"end":{"line":6,"column":57}},"12":{"start":{"line":6,"column":42},"end":{"line":6,"column":55}},"13":{"start":{"line":7,"column":14},"end":{"line":7,"column":55}},"14":{"start":{"line":7,"column":40},"end":{"line":7,"column":53}},"15":{"start":{"line":8,"column":4},"end":{"line":14,"column":5}},"16":{"start":{"line":9,"column":6},"end":{"line":9,"column":20}},"17":{"start":{"line":10,"column":11},"end":{"line":14,"column":5}},"18":{"start":{"line":11,"column":6},"end":{"line":11,"column":19}},"19":{"start":{"line":12,"column":11},"end":{"line":14,"column":5}},"20":{"start":{"line":13,"column":6},"end":{"line":13,"column":24}},"21":{"start":{"line":17,"column":2},"end":{"line":17,"column":27}}},"fnMap":{"0":{"name":"(anonymous_0)","decl":{"start":{"line":1,"column":17},"end":{"line":1,"column":18}},"loc":{"start":{"line":1,"column":33},"end":{"line":15,"column":3}},"line":1},"1":{"name":"(anonymous_1)","decl":{"start":{"line":2,"column":27},"end":{"line":2,"column":28}},"loc":{"start":{"line":2,"column":32},"end":{"line":2,"column":56}},"line":2},"2":{"name":"(anonymous_2)","decl":{"start":{"line":2,"column":41},"end":{"line":2,"column":42}},"loc":{"start":{"line":2,"column":46},"end":{"line":2,"column":55}},"line":2},"3":{"name":"(anonymous_3)","decl":{"start":{"line":3,"column":26},"end":{"line":3,"column":27}},"loc":{"start":{"line":3,"column":31},"end":{"line":3,"column":55}},"line":3},"4":{"name":"(anonymous_4)","decl":{"start":{"line":3,"column":40},"end":{"line":3,"column":41}},"loc":{"start":{"line":3,"column":45},"end":{"line":3,"column":54}},"line":3},"5":{"name":"(anonymous_5)","decl":{"start":{"line":4,"column":32},"end":{"line":4,"column":33}},"loc":{"start":{"line":4,"column":37},"end":{"line":4,"column":45}},"line":4},"6":{"name":"(anonymous_6)","decl":{"start":{"line":5,"column":30},"end":{"line":5,"column":31}},"loc":{"start":{"line":5,"column":35},"end":{"line":5,"column":43}},"line":5},"7":{"name":"(anonymous_7)","decl":{"start":{"line":6,"column":32},"end":{"line":6,"column":33}},"loc":{"start":{"line":6,"column":42},"end":{"line":6,"column":55}},"line":6},"8":{"name":"(anonymous_8)","decl":{"start":{"line":7,"column":30},"end":{"line":7,"column":31}},"loc":{"start":{"line":7,"column":40},"end":{"line":7,"column":53}},"line":7}},"branchMap":{"0":{"loc":{"start":{"line":6,"column":42},"end":{"line":6,"column":55}},"type":"cond-expr","locations":[{"start":{"line":6,"column":50},"end":{"line":6,"column":51}},{"start":{"line":6,"column":54},"end":{"line":6,"column":55}}],"line":6},"1":{"loc":{"start":{"line":7,"column":40},"end":{"line":7,"column":53}},"type":"cond-expr","locations":[{"start":{"line":7,"column":48},"end":{"line":7,"column":49}},{"start":{"line":7,"column":52},"end":{"line":7,"column":53}}],"line":7},"2":{"loc":{"start":{"line":8,"column":4},"end":{"line":14,"column":5}},"type":"if","locations":[{"start":{"line":8,"column":4},"end":{"line":14,"column":5}},{"start":{"line":8,"column":4},"end":{"line":14,"column":5}}],"line":8},"3":{"loc":{"start":{"line":10,"column":11},"end":{"line":14,"column":5}},"type":"if","locations":[{"start":{"line":10,"column":11},"end":{"line":14,"column":5}},{"start":{"line":10,"column":11},"end":{"line":14,"column":5}}],"line":10},"4":{"loc":{"start":{"line":12,"column":11},"end":{"line":14,"column":5}},"type":"if","locations":[{"start":{"line":12,"column":11},"end":{"line":14,"column":5}},{"start":{"line":12,"column":11},"end":{"line":14,"column":5}}],"line":12}},"s":{"0":1,"1":3,"2":9,"3":27,"4":3,"5":9,"6":27,"7":3,"8":9,"9":3,"10":9,"11":3,"12":6,"13":3,"14":6,"15":3,"16":1,"17":2,"18":1,"19":1,"20":1,"21":1},"f":{"0":3,"1":9,"2":27,"3":9,"4":27,"5":9,"6":9,"7":6,"8":6},"b":{"0":[3,3],"1":[3,3],"2":[1,2],"3":[1,1],"4":[1,0]},"_coverageSchema":"1a1c01bbd47fc00a2c39e90264f33305004495a9","hash":"b61d78766c1d41772c929d676561f32710917289"}
}
