TN:
SF:src/services/bestPlayerColum.js
FN:1,(anonymous_0)
FN:4,(anonymous_1)
FNF:2
FNH:2
FNDA:2,(anonymous_0)
FNDA:6,(anonymous_1)
DA:1,3
DA:2,2
DA:3,2
DA:4,2
DA:5,6
DA:6,1
DA:9,2
DA:10,1
DA:11,1
DA:12,1
DA:14,1
DA:21,3
LF:12
LH:12
BRDA:5,0,0,1
BRDA:5,0,1,5
BRF:2
BRH:2
end_of_record
TN:
SF:src/services/bestPlayerRows.js
FN:1,(anonymous_0)
FN:4,(anonymous_1)
FNF:2
FNH:2
FNDA:2,(anonymous_0)
FNDA:4,(anonymous_1)
DA:1,3
DA:2,2
DA:3,2
DA:4,2
DA:5,4
DA:6,1
DA:10,2
DA:11,1
DA:12,1
DA:13,1
DA:15,1
DA:23,3
LF:12
LH:12
BRDA:5,0,0,1
BRDA:5,0,1,3
BRF:2
BRH:2
end_of_record
TN:
SF:src/services/index.js
FNF:0
FNH:0
DA:1,3
DA:2,3
DA:3,3
DA:4,3
DA:5,3
DA:7,3
LF:6
LH:6
BRF:0
BRH:0
end_of_record
TN:
SF:src/services/logger.js
FN:5,(anonymous_0)
FN:9,(anonymous_1)
FNF:2
FNH:1
FNDA:0,(anonymous_0)
FNDA:3,(anonymous_1)
DA:1,3
DA:2,3
DA:4,3
DA:6,0
DA:9,3
DA:10,3
DA:12,3
DA:14,0
DA:16,0
DA:19,0
DA:23,3
LF:11
LH:7
BRDA:10,0,0,3
BRDA:10,0,1,0
BRDA:10,0,2,0
BRDA:10,0,3,0
BRDA:10,0,4,0
BRF:5
BRH:1
end_of_record
TN:
SF:src/services/smashString.js
FN:1,(anonymous_0)
FNF:1
FNH:1
FNDA:4,(anonymous_0)
DA:1,3
DA:2,4
DA:3,4
DA:4,4
DA:5,4
DA:7,4
DA:8,8
DA:9,8
DA:10,8
DA:11,8
DA:12,8
DA:15,4
DA:18,3
LF:13
LH:13
BRF:0
BRH:0
end_of_record
TN:
SF:src/services/verified.js
FN:1,(anonymous_0)
FN:2,(anonymous_1)
FN:2,(anonymous_2)
FN:3,(anonymous_3)
FN:3,(anonymous_4)
FN:4,(anonymous_5)
FN:5,(anonymous_6)
FN:6,(anonymous_7)
FN:7,(anonymous_8)
FNF:9
FNH:9
FNDA:3,(anonymous_0)
FNDA:9,(anonymous_1)
FNDA:27,(anonymous_2)
FNDA:9,(anonymous_3)
FNDA:27,(anonymous_4)
FNDA:9,(anonymous_5)
FNDA:9,(anonymous_6)
FNDA:6,(anonymous_7)
FNDA:6,(anonymous_8)
DA:1,3
DA:2,27
DA:3,27
DA:4,9
DA:5,9
DA:6,6
DA:7,6
DA:8,3
DA:9,1
DA:10,2
DA:11,1
DA:12,1
DA:13,1
DA:17,3
LF:14
LH:14
BRDA:6,0,0,3
BRDA:6,0,1,3
BRDA:7,1,0,3
BRDA:7,1,1,3
BRDA:8,2,0,1
BRDA:8,2,1,2
BRDA:10,3,0,1
BRDA:10,3,1,1
BRDA:12,4,0,1
BRDA:12,4,1,0
BRF:10
BRH:9
end_of_record
